[15] Log opened at 2020-03-20 09:59:01
[15] I: Checking remote connect back address.
[15] I: Checking header 'HTTP_X_FORWARDED_FOR'.
[15] I: Checking header 'REMOTE_ADDR'.
[15] W: Remote address not found, connecting to configured address/port: 172.172.0.1:9000. :-|
[15] W: Creating socket for '172.172.0.1:9000', poll success, but error: Operation in progress (29).
[15] E: Could not connect to client. :-(
[15] Log closed at 2020-03-20 09:59:01

[24] Log opened at 2020-03-20 09:59:05
[24] I: Checking remote connect back address.
[24] I: Checking header 'HTTP_X_FORWARDED_FOR'.
[24] I: Checking header 'REMOTE_ADDR'.
[24] W: Remote address not found, connecting to configured address/port: 172.172.0.1:9000. :-|
[24] W: Creating socket for '172.172.0.1:9000', poll success, but error: Operation in progress (29).
[24] E: Could not connect to client. :-(
[24] Log closed at 2020-03-20 09:59:05

[31] Log opened at 2020-03-20 09:59:06
[31] I: Checking remote connect back address.
[31] I: Checking header 'HTTP_X_FORWARDED_FOR'.
[31] I: Checking header 'REMOTE_ADDR'.
[31] W: Remote address not found, connecting to configured address/port: 172.172.0.1:9000. :-|
[31] W: Creating socket for '172.172.0.1:9000', poll success, but error: Operation in progress (29).
[31] E: Could not connect to client. :-(
[31] Log closed at 2020-03-20 09:59:06

[38] Log opened at 2020-03-20 09:59:11
[38] I: Checking remote connect back address.
[38] I: Checking header 'HTTP_X_FORWARDED_FOR'.
[38] I: Checking header 'REMOTE_ADDR'.
[38] W: Remote address not found, connecting to configured address/port: 172.172.0.1:9000. :-|
[38] W: Creating socket for '172.172.0.1:9000', poll success, but error: Operation in progress (29).
[38] E: Could not connect to client. :-(
[38] Log closed at 2020-03-20 09:59:11

[45] Log opened at 2020-03-20 09:59:13
[45] I: Checking remote connect back address.
[45] I: Checking header 'HTTP_X_FORWARDED_FOR'.
[45] I: Checking header 'REMOTE_ADDR'.
[45] W: Remote address not found, connecting to configured address/port: 172.172.0.1:9000. :-|
[45] W: Creating socket for '172.172.0.1:9000', poll success, but error: Operation in progress (29).
[45] E: Could not connect to client. :-(
[45] Log closed at 2020-03-20 09:59:13

[52] Log opened at 2020-03-20 09:59:13
[52] I: Checking remote connect back address.
[52] I: Checking header 'HTTP_X_FORWARDED_FOR'.
[52] I: Checking header 'REMOTE_ADDR'.
[52] W: Remote address not found, connecting to configured address/port: 172.172.0.1:9000. :-|
[52] W: Creating socket for '172.172.0.1:9000', poll success, but error: Operation in progress (29).
[52] E: Could not connect to client. :-(
[52] Log closed at 2020-03-20 09:59:13

[16] Log opened at 2020-03-20 21:09:25
[16] I: Checking remote connect back address.
[16] I: Checking header 'HTTP_X_FORWARDED_FOR'.
[16] I: Checking header 'REMOTE_ADDR'.
[16] W: Remote address not found, connecting to configured address/port: 172.172.0.1:9000. :-|
[16] W: Creating socket for '172.172.0.1:9000', poll success, but error: Operation in progress (29).
[16] E: Could not connect to client. :-(
[16] Log closed at 2020-03-20 21:09:25

[25] Log opened at 2020-03-20 21:09:29
[25] I: Checking remote connect back address.
[25] I: Checking header 'HTTP_X_FORWARDED_FOR'.
[25] I: Checking header 'REMOTE_ADDR'.
[25] W: Remote address not found, connecting to configured address/port: 172.172.0.1:9000. :-|
[25] W: Creating socket for '172.172.0.1:9000', poll success, but error: Operation in progress (29).
[25] E: Could not connect to client. :-(
[25] Log closed at 2020-03-20 21:09:29

[32] Log opened at 2020-03-20 21:09:30
[32] I: Checking remote connect back address.
[32] I: Checking header 'HTTP_X_FORWARDED_FOR'.
[32] I: Checking header 'REMOTE_ADDR'.
[32] W: Remote address not found, connecting to configured address/port: 172.172.0.1:9000. :-|
[32] W: Creating socket for '172.172.0.1:9000', poll success, but error: Operation in progress (29).
[32] E: Could not connect to client. :-(
[32] Log closed at 2020-03-20 21:09:30

[39] Log opened at 2020-03-20 21:09:35
[39] I: Checking remote connect back address.
[39] I: Checking header 'HTTP_X_FORWARDED_FOR'.
[39] I: Checking header 'REMOTE_ADDR'.
[39] W: Remote address not found, connecting to configured address/port: 172.172.0.1:9000. :-|
[39] W: Creating socket for '172.172.0.1:9000', poll success, but error: Operation in progress (29).
[39] E: Could not connect to client. :-(
[39] Log closed at 2020-03-20 21:09:35

[46] Log opened at 2020-03-20 21:09:36
[46] I: Checking remote connect back address.
[46] I: Checking header 'HTTP_X_FORWARDED_FOR'.
[46] I: Checking header 'REMOTE_ADDR'.
[46] W: Remote address not found, connecting to configured address/port: 172.172.0.1:9000. :-|
[46] W: Creating socket for '172.172.0.1:9000', poll success, but error: Operation in progress (29).
[46] E: Could not connect to client. :-(
[46] Log closed at 2020-03-20 21:09:36

[53] Log opened at 2020-03-20 21:09:36
[53] I: Checking remote connect back address.
[53] I: Checking header 'HTTP_X_FORWARDED_FOR'.
[53] I: Checking header 'REMOTE_ADDR'.
[53] W: Remote address not found, connecting to configured address/port: 172.172.0.1:9000. :-|
[53] W: Creating socket for '172.172.0.1:9000', poll success, but error: Operation in progress (29).
[53] E: Could not connect to client. :-(
[53] Log closed at 2020-03-20 21:09:36

[16] Log opened at 2020-03-21 12:30:18
[16] I: Checking remote connect back address.
[16] I: Checking header 'HTTP_X_FORWARDED_FOR'.
[16] I: Checking header 'REMOTE_ADDR'.
[16] W: Remote address not found, connecting to configured address/port: 172.172.0.1:9000. :-|
[16] W: Creating socket for '172.172.0.1:9000', poll success, but error: Operation in progress (29).
[16] E: Could not connect to client. :-(
[16] Log closed at 2020-03-21 12:30:18

[25] Log opened at 2020-03-21 12:30:24
[25] I: Checking remote connect back address.
[25] I: Checking header 'HTTP_X_FORWARDED_FOR'.
[25] I: Checking header 'REMOTE_ADDR'.
[25] W: Remote address not found, connecting to configured address/port: 172.172.0.1:9000. :-|
[25] W: Creating socket for '172.172.0.1:9000', poll success, but error: Operation in progress (29).
[25] E: Could not connect to client. :-(
[25] Log closed at 2020-03-21 12:30:24

[32] Log opened at 2020-03-21 12:30:25
[32] I: Checking remote connect back address.
[32] I: Checking header 'HTTP_X_FORWARDED_FOR'.
[32] I: Checking header 'REMOTE_ADDR'.
[32] W: Remote address not found, connecting to configured address/port: 172.172.0.1:9000. :-|
[32] W: Creating socket for '172.172.0.1:9000', poll success, but error: Operation in progress (29).
[32] E: Could not connect to client. :-(
[32] Log closed at 2020-03-21 12:30:25

[39] Log opened at 2020-03-21 12:30:32
[39] I: Checking remote connect back address.
[39] I: Checking header 'HTTP_X_FORWARDED_FOR'.
[39] I: Checking header 'REMOTE_ADDR'.
[39] W: Remote address not found, connecting to configured address/port: 172.172.0.1:9000. :-|
[39] W: Creating socket for '172.172.0.1:9000', poll success, but error: Operation in progress (29).
[39] E: Could not connect to client. :-(
[39] Log closed at 2020-03-21 12:30:32

[46] Log opened at 2020-03-21 12:30:33
[46] I: Checking remote connect back address.
[46] I: Checking header 'HTTP_X_FORWARDED_FOR'.
[46] I: Checking header 'REMOTE_ADDR'.
[46] W: Remote address not found, connecting to configured address/port: 172.172.0.1:9000. :-|
[46] W: Creating socket for '172.172.0.1:9000', poll success, but error: Operation in progress (29).
[46] E: Could not connect to client. :-(
[46] Log closed at 2020-03-21 12:30:33

[53] Log opened at 2020-03-21 12:30:34
[53] I: Checking remote connect back address.
[53] I: Checking header 'HTTP_X_FORWARDED_FOR'.
[53] I: Checking header 'REMOTE_ADDR'.
[53] W: Remote address not found, connecting to configured address/port: 172.172.0.1:9000. :-|
[53] W: Creating socket for '172.172.0.1:9000', poll success, but error: Operation in progress (29).
[53] E: Could not connect to client. :-(
[53] Log closed at 2020-03-21 12:30:34

[63] Log opened at 2020-03-21 12:36:53
[63] I: Checking remote connect back address.
[63] I: Checking header 'HTTP_X_FORWARDED_FOR'.
[63] I: Checking header 'REMOTE_ADDR'.
[63] W: Remote address not found, connecting to configured address/port: 172.172.0.1:9000. :-|
[63] I: Connected to client. :-)
[63] -> <init xmlns="urn:debugger_protocol_v1" xmlns:xdebug="https://xdebug.org/dbgp/xdebug" fileuri="file:///var/www/vendor/phpunit/phpunit/phpunit" language="PHP" xdebug:language_version="7.3.6" protocol_version="1.0" appid="63"><engine version="2.9.3"><![CDATA[Xdebug]]></engine><author><![CDATA[Derick Rethans]]></author><url><![CDATA[https://xdebug.org]]></url><copyright><![CDATA[Copyright (c) 2002-2020 by Derick Rethans]]></copyright></init>

[63] <- breakpoint_list -i 1
[63] -> <response xmlns="urn:debugger_protocol_v1" xmlns:xdebug="https://xdebug.org/dbgp/xdebug" command="breakpoint_list" transaction_id="1"></response>

[63] <- breakpoint_set -i 2 -t line -f file:///var/www/tests/Feature/Http/Controllers/Api/VideoControllerTest.php -n 129
[63] -> <response xmlns="urn:debugger_protocol_v1" xmlns:xdebug="https://xdebug.org/dbgp/xdebug" command="breakpoint_set" transaction_id="2" id="630001"></response>

[63] <- breakpoint_list -i 3
[63] -> <response xmlns="urn:debugger_protocol_v1" xmlns:xdebug="https://xdebug.org/dbgp/xdebug" command="breakpoint_list" transaction_id="3"><breakpoint type="line" filename="file:///var/www/tests/Feature/Http/Controllers/Api/VideoControllerTest.php" lineno="129" state="enabled" hit_count="0" hit_value="0" id="630001"></breakpoint></response>

[63] <- breakpoint_list -i 4
[63] -> <response xmlns="urn:debugger_protocol_v1" xmlns:xdebug="https://xdebug.org/dbgp/xdebug" command="breakpoint_list" transaction_id="4"><breakpoint type="line" filename="file:///var/www/tests/Feature/Http/Controllers/Api/VideoControllerTest.php" lineno="129" state="enabled" hit_count="0" hit_value="0" id="630001"></breakpoint></response>

[63] <- run -i 5
[63] -> <response xmlns="urn:debugger_protocol_v1" xmlns:xdebug="https://xdebug.org/dbgp/xdebug" command="run" transaction_id="5" status="break" reason="ok"><xdebug:message filename="file:///var/www/tests/Feature/Http/Controllers/Api/VideoControllerTest.php" lineno="129"></xdebug:message></response>

[63] <- stack_get -i 6
[63] -> <response xmlns="urn:debugger_protocol_v1" xmlns:xdebug="https://xdebug.org/dbgp/xdebug" command="stack_get" transaction_id="6"><stack where="Tests\Feature\Http\Controllers\Api\VideoControllerTest-&gt;testInvalidationData" level="0" type="file" filename="file:///var/www/tests/Feature/Http/Controllers/Api/VideoControllerTest.php" lineno="129"></stack><stack where="Tests\Feature\Http\Controllers\Api\VideoControllerTest-&gt;runTest" level="1" type="file" filename="file:///var/www/vendor/phpunit/phpunit/src/Framework/TestCase.php" lineno="1408"></stack><stack where="Tests\Feature\Http\Controllers\Api\VideoControllerTest-&gt;runBare" level="2" type="file" filename="file:///var/www/vendor/phpunit/phpunit/src/Framework/TestCase.php" lineno="1028"></stack><stack where="PHPUnit\Framework\TestResult-&gt;run" level="3" type="file" filename="file:///var/www/vendor/phpunit/phpunit/src/Framework/TestResult.php" lineno="691"></stack><stack where="Tests\Feature\Http\Controllers\Api\VideoControllerTest-&gt;run" level="4" type="file" filename="file:///var/www/vendor/phpunit/phpunit/src/Framework/TestCase.php" lineno="756"></stack><stack where="PHPUnit\Framework\TestSuite-&gt;run" level="5" type="file" filename="file:///var/www/vendor/phpunit/phpunit/src/Framework/TestSuite.php" lineno="597"></stack><stack where="PHPUnit\Framework\TestSuite-&gt;run" level="6" type="file" filename="file:///var/www/vendor/phpunit/phpunit/src/Framework/TestSuite.php" lineno="597"></stack><stack where="PHPUnit\Framework\TestSuite-&gt;run" level="7" type="file" filename="file:///var/www/vendor/phpunit/phpunit/src/Framework/TestSuite.php" lineno="597"></stack><stack where="PHPUnit\TextUI\TestRunner-&gt;doRun" level="8" type="file" filename="file:///var/www/vendor/phpunit/phpunit/src/TextUI/TestRunner.php" lineno="621"></stack><stack where="PHPUnit\TextUI\Command-&gt;run" level="9" type="file" filename="file:///var/www/vendor/phpunit/phpunit/src/TextUI/Command.php" lineno="200"></stack><stack where="PHPUnit\TextUI\Command::main" level="10" type="file" filename="file:///var/www/vendor/phpunit/phpunit/src/TextUI/Command.php" lineno="159"></stack><stack where="{main}" level="11" type="file" filename="file:///var/www/vendor/phpunit/phpunit/phpunit" lineno="61"></stack></response>

[63] <- run -i 7
[63] -> <response xmlns="urn:debugger_protocol_v1" xmlns:xdebug="https://xdebug.org/dbgp/xdebug" command="run" transaction_id="7" status="break" reason="ok"><xdebug:message filename="file:///var/www/tests/Feature/Http/Controllers/Api/VideoControllerTest.php" lineno="129"></xdebug:message></response>

[63] <- stack_get -i 8
[63] -> <response xmlns="urn:debugger_protocol_v1" xmlns:xdebug="https://xdebug.org/dbgp/xdebug" command="stack_get" transaction_id="8"><stack where="Tests\Feature\Http\Controllers\Api\VideoControllerTest-&gt;testInvalidationData" level="0" type="file" filename="file:///var/www/tests/Feature/Http/Controllers/Api/VideoControllerTest.php" lineno="129"></stack><stack where="Tests\Feature\Http\Controllers\Api\VideoControllerTest-&gt;runTest" level="1" type="file" filename="file:///var/www/vendor/phpunit/phpunit/src/Framework/TestCase.php" lineno="1408"></stack><stack where="Tests\Feature\Http\Controllers\Api\VideoControllerTest-&gt;runBare" level="2" type="file" filename="file:///var/www/vendor/phpunit/phpunit/src/Framework/TestCase.php" lineno="1028"></stack><stack where="PHPUnit\Framework\TestResult-&gt;run" level="3" type="file" filename="file:///var/www/vendor/phpunit/phpunit/src/Framework/TestResult.php" lineno="691"></stack><stack where="Tests\Feature\Http\Controllers\Api\VideoControllerTest-&gt;run" level="4" type="file" filename="file:///var/www/vendor/phpunit/phpunit/src/Framework/TestCase.php" lineno="756"></stack><stack where="PHPUnit\Framework\TestSuite-&gt;run" level="5" type="file" filename="file:///var/www/vendor/phpunit/phpunit/src/Framework/TestSuite.php" lineno="597"></stack><stack where="PHPUnit\Framework\TestSuite-&gt;run" level="6" type="file" filename="file:///var/www/vendor/phpunit/phpunit/src/Framework/TestSuite.php" lineno="597"></stack><stack where="PHPUnit\Framework\TestSuite-&gt;run" level="7" type="file" filename="file:///var/www/vendor/phpunit/phpunit/src/Framework/TestSuite.php" lineno="597"></stack><stack where="PHPUnit\TextUI\TestRunner-&gt;doRun" level="8" type="file" filename="file:///var/www/vendor/phpunit/phpunit/src/TextUI/TestRunner.php" lineno="621"></stack><stack where="PHPUnit\TextUI\Command-&gt;run" level="9" type="file" filename="file:///var/www/vendor/phpunit/phpunit/src/TextUI/Command.php" lineno="200"></stack><stack where="PHPUnit\TextUI\Command::main" level="10" type="file" filename="file:///var/www/vendor/phpunit/phpunit/src/TextUI/Command.php" lineno="159"></stack><stack where="{main}" level="11" type="file" filename="file:///var/www/vendor/phpunit/phpunit/phpunit" lineno="61"></stack></response>

[63] <- context_names -i 9 -d 0
[63] -> <response xmlns="urn:debugger_protocol_v1" xmlns:xdebug="https://xdebug.org/dbgp/xdebug" command="context_names" transaction_id="9"><context name="Locals" id="0"></context><context name="Superglobals" id="1"></context><context name="User defined constants" id="2"></context></response>

[63] <- context_get -i 10 -d 0 -c 0
[63] -> <response xmlns="urn:debugger_protocol_v1" xmlns:xdebug="https://xdebug.org/dbgp/xdebug" command="context_get" transaction_id="10" context="0"><property name="$attribute" fullname="$attribute" type="array" children="1" numchildren="2" page="0" pagesize="32"><property name="max.string" fullname="$attribute[&quot;max.string&quot;]" type="array" children="1" numchildren="2"></property><property name="min.string" fullname="$attribute[&quot;min.string&quot;]" type="array" children="1" numchildren="2"></property></property><property name="$data" fullname="$data" type="array" children="0" numchildren="0" page="0" pagesize="32"></property><property name="$data_attribute" fullname="$data_attribute" type="array" children="1" numchildren="4" page="0" pagesize="32"><property name="title" fullname="$data_attribute[&quot;title&quot;]" type="array" children="1" numchildren="2"></property><property name="opened" fullname="$data_attribute[&quot;opened&quot;]" type="array" children="1" numchildren="1"></property><property name="rating" fullname="$data_attribute[&quot;rating&quot;]" type="array" children="1" numchildren="1"></property><property name="duration" fullname="$data_attribute[&quot;duration&quot;]" type="array" children="1" numchildren="1"></property></property><property name="$key" fullname="$key" type="string" size="10" encoding="base64"><![CDATA[bWluLnN0cmluZw==]]></property><property name="$value" fullname="$value" type="array" children="1" numchildren="2" page="0" pagesize="32"><property name="value" fullname="$value[&quot;value&quot;]" type="array" children="1" numchildren="1"></property><property name="ruleParams" fullname="$value[&quot;ruleParams&quot;]" type="array" children="1" numchildren="1"></property></property><property name="$this" fullname="$this" type="object" classname="Tests\Feature\Http\Controllers\Api\VideoControllerTest" children="1" numchildren="62" page="0" pagesize="32"><property name="*PHPUnit\Framework\Assert*count" fullname="$this::*PHPUnit\Framework\Assert*count" facet="static private" type="int"><![CDATA[10]]></property><property name="video" fullname="$this-&gt;video" facet="private" type="object" classname="App\Models\Video" children="1" numchildren="37"></property><property name="app" fullname="$this-&gt;app" facet="protected" type="object" classname="Illuminate\Foundation\Application" children="1" numchildren="32"></property><property name="afterApplicationCreatedCallbacks" fullname="$this-&gt;afterApplicationCreatedCallbacks" facet="protected" type="array" children="0" numchildren="0"></property><property name="beforeApplicationDestroyedCallbacks" fullname="$this-&gt;beforeApplicationDestroyedCallbacks" facet="protected" type="array" children="1" numchildren="2"></property><property name="callbackException" fullname="$this-&gt;callbackException" facet="protected" type="null"></property><property name="setUpHasRun" fullname="$this-&gt;setUpHasRun" facet="protected" type="bool"><![CDATA[1]]></property><property name="backupGlobals" fullname="$this-&gt;backupGlobals" facet="protected" type="null"></property><property name="backupGlobalsBlacklist" fullname="$this-&gt;backupGlobalsBlacklist" facet="protected" type="array" children="0" numchildren="0"></property><property name="backupStaticAttributes" fullname="$this-&gt;backupStaticAttributes" facet="protected" type="null"></property><property name="backupStaticAttributesBlacklist" fullname="$this-&gt;backupStaticAttributesBlacklist" facet="protected" type="array" children="0" numchildren="0"></property><property name="runTestInSeparateProcess" fullname="$this-&gt;runTestInSeparateProcess" facet="protected" type="bool"><![CDATA[0]]></property><property name="preserveGlobalState" fullname="$this-&gt;preserveGlobalState" facet="protected" type="bool"><![CDATA[1]]></property><property name="*PHPUnit\Framework\TestCase*runClassInSeparateProcess" fullname="$this-&gt;*PHPUnit\Framework\TestCase*runClassInSeparateProcess" facet="private" type="null"></property><property name="*PHPUnit\Framework\TestCase*inIsolation" fullname="$this-&gt;*PHPUnit\Framework\TestCase*inIsolation" facet="private" type="bool"><![CDATA[0]]></property><property name="*PHPUnit\Framework\TestCase*data" fullname="$this-&gt;*PHPUnit\Framework\TestCase*data" facet="private" type="array" children="0" numchildren="0"></property><property name="*PHPUnit\Framework\TestCase*dataName" fullname="$this-&gt;*PHPUnit\Framework\TestCase*dataName" facet="private" type="string" size="0" encoding="base64"><![CDATA[]]></property><property name="*PHPUnit\Framework\TestCase*expectedException" fullname="$this-&gt;*PHPUnit\Framework\TestCase*expectedException" facet="private" type="null"></property><property name="*PHPUnit\Framework\TestCase*expectedExceptionMessage" fullname="$this-&gt;*PHPUnit\Framework\TestCase*expectedExceptionMessage" facet="private" type="null"></property><property name="*PHPUnit\Framework\TestCase*expectedExceptionMessageRegExp" fullname="$this-&gt;*PHPUnit\Framework\TestCase*expectedExceptionMessageRegExp" facet="private" type="null"></property><property name="*PHPUnit\Framework\TestCase*expectedExceptionCode" fullname="$this-&gt;*PHPUnit\Framework\TestCase*expectedExceptionCode" facet="private" type="null"></property><property name="*PHPUnit\Framework\TestCase*name" fullname="$this-&gt;*PHPUnit\Framework\TestCase*name" facet="private" type="string" size="20" encoding="base64"><![CDATA[dGVzdEludmFsaWRhdGlvbkRhdGE=]]></property><property name="*PHPUnit\Framework\TestCase*dependencies" fullname="$this-&gt;*PHPUnit\Framework\TestCase*dependencies" facet="private" type="array" children="0" numchildren="0"></property><property name="*PHPUnit\Framework\TestCase*dependencyInput" fullname="$this-&gt;*PHPUnit\Framework\TestCase*dependencyInput" facet="private" type="array" children="0" numchildren="0"></property><property name="*PHPUnit\Framework\TestCase*iniSettings" fullname="$this-&gt;*PHPUnit\Framework\TestCase*iniSettings" facet="private" type="array" children="0" numchildren="0"></property><property name="*PHPUnit\Framework\TestCase*locale" fullname="$this-&gt;*PHPUnit\Framework\TestCase*locale" facet="private" type="array" children="0" numchildren="0"></property><property name="*PHPUnit\Framework\TestCase*mockObjects" fullname="$this-&gt;*PHPUnit\Framework\TestCase*mockObjects" facet="private" type="array" children="0" numchildren="0"></property><property name="*PHPUnit\Framework\TestCase*mockObjectGenerator" fullname="$this-&gt;*PHPUnit\Framework\TestCase*mockObjectGenerator" facet="private" type="null"></property><property name="*PHPUnit\Framework\TestCase*status" fullname="$this-&gt;*PHPUnit\Framework\TestCase*status" facet="private" type="int"><![CDATA[-1]]></property><property name="*PHPUnit\Framework\TestCase*statusMessage" fullname="$this-&gt;*PHPUnit\Framework\TestCase*statusMessage" facet="private" type="string" size="0" encoding="base64"><![CDATA[]]></property><property name="*PHPUnit\Framework\TestCase*numAssertions" fullname="$this-&gt;*PHPUnit\Framework\TestCase*numAssertions" facet="private" type="int"><![CDATA[0]]></property><property name="*PHPUnit\Framework\TestCase*result" fullname="$this-&gt;*PHPUnit\Framework\TestCase*result" facet="private" type="object" classname="PHPUnit\Framework\TestResult" children="1" numchildren="35"></property></property></response>

[63] <- breakpoint_list -i 11
[63] -> <response xmlns="urn:debugger_protocol_v1" xmlns:xdebug="https://xdebug.org/dbgp/xdebug" command="breakpoint_list" transaction_id="11"><breakpoint type="line" filename="file:///var/www/tests/Feature/Http/Controllers/Api/VideoControllerTest.php" lineno="129" state="enabled" hit_count="2" hit_value="0" id="630001"></breakpoint></response>

[63] <- breakpoint_remove -i 12 -d 630001
[63] -> <response xmlns="urn:debugger_protocol_v1" xmlns:xdebug="https://xdebug.org/dbgp/xdebug" command="breakpoint_remove" transaction_id="12"><breakpoint type="line" filename="file:///var/www/tests/Feature/Http/Controllers/Api/VideoControllerTest.php" lineno="129" state="enabled" hit_count="2" hit_value="0" id="630001"></breakpoint></response>

[63] <- run -i 13
[63] -> <response xmlns="urn:debugger_protocol_v1" xmlns:xdebug="https://xdebug.org/dbgp/xdebug" command="run" transaction_id="13" status="stopping" reason="ok"></response>

[63] <- stop -i 14
[63] -> <response xmlns="urn:debugger_protocol_v1" xmlns:xdebug="https://xdebug.org/dbgp/xdebug" command="stop" transaction_id="14" status="stopped" reason="ok"></response>

[63] Log closed at 2020-03-21 12:37:12

[73] Log opened at 2020-03-21 12:40:15
[73] I: Checking remote connect back address.
[73] I: Checking header 'HTTP_X_FORWARDED_FOR'.
[73] I: Checking header 'REMOTE_ADDR'.
[73] W: Remote address not found, connecting to configured address/port: 172.172.0.1:9000. :-|
[73] I: Connected to client. :-)
[73] -> <init xmlns="urn:debugger_protocol_v1" xmlns:xdebug="https://xdebug.org/dbgp/xdebug" fileuri="file:///var/www/vendor/phpunit/phpunit/phpunit" language="PHP" xdebug:language_version="7.3.6" protocol_version="1.0" appid="73"><engine version="2.9.3"><![CDATA[Xdebug]]></engine><author><![CDATA[Derick Rethans]]></author><url><![CDATA[https://xdebug.org]]></url><copyright><![CDATA[Copyright (c) 2002-2020 by Derick Rethans]]></copyright></init>

[73] <- breakpoint_list -i 1
[73] -> <response xmlns="urn:debugger_protocol_v1" xmlns:xdebug="https://xdebug.org/dbgp/xdebug" command="breakpoint_list" transaction_id="1"></response>

[73] <- breakpoint_list -i 2
[73] -> <response xmlns="urn:debugger_protocol_v1" xmlns:xdebug="https://xdebug.org/dbgp/xdebug" command="breakpoint_list" transaction_id="2"></response>

[73] <- breakpoint_set -i 3 -t line -f file:///var/www/tests/Traits/TestValidations.php -n 44
[73] -> <response xmlns="urn:debugger_protocol_v1" xmlns:xdebug="https://xdebug.org/dbgp/xdebug" command="breakpoint_set" transaction_id="3" id="730001"></response>

[73] <- breakpoint_list -i 4
[73] -> <response xmlns="urn:debugger_protocol_v1" xmlns:xdebug="https://xdebug.org/dbgp/xdebug" command="breakpoint_list" transaction_id="4"><breakpoint type="line" filename="file:///var/www/tests/Traits/TestValidations.php" lineno="44" state="enabled" hit_count="0" hit_value="0" id="730001"></breakpoint></response>

[73] <- breakpoint_list -i 5
[73] -> <response xmlns="urn:debugger_protocol_v1" xmlns:xdebug="https://xdebug.org/dbgp/xdebug" command="breakpoint_list" transaction_id="5"><breakpoint type="line" filename="file:///var/www/tests/Traits/TestValidations.php" lineno="44" state="enabled" hit_count="0" hit_value="0" id="730001"></breakpoint></response>

[73] <- run -i 6
[73] -> <response xmlns="urn:debugger_protocol_v1" xmlns:xdebug="https://xdebug.org/dbgp/xdebug" command="run" transaction_id="6" status="break" reason="ok"><xdebug:message filename="file:///var/www/tests/Traits/TestValidations.php" lineno="44"></xdebug:message></response>

[73] <- stack_get -i 7
[73] -> <response xmlns="urn:debugger_protocol_v1" xmlns:xdebug="https://xdebug.org/dbgp/xdebug" command="stack_get" transaction_id="7"><stack where="Tests\Feature\Http\Controllers\Api\VideoControllerTest-&gt;assertInvalidationFields" level="0" type="file" filename="file:///var/www/tests/Traits/TestValidations.php" lineno="44"></stack><stack where="Tests\Feature\Http\Controllers\Api\VideoControllerTest-&gt;assertInvalidationInStoreAction" level="1" type="file" filename="file:///var/www/tests/Traits/TestValidations.php" lineno="24"></stack><stack where="Tests\Feature\Http\Controllers\Api\VideoControllerTest-&gt;testInvalidationData" level="2" type="file" filename="file:///var/www/tests/Feature/Http/Controllers/Api/VideoControllerTest.php" lineno="77"></stack><stack where="Tests\Feature\Http\Controllers\Api\VideoControllerTest-&gt;runTest" level="3" type="file" filename="file:///var/www/vendor/phpunit/phpunit/src/Framework/TestCase.php" lineno="1408"></stack><stack where="Tests\Feature\Http\Controllers\Api\VideoControllerTest-&gt;runBare" level="4" type="file" filename="file:///var/www/vendor/phpunit/phpunit/src/Framework/TestCase.php" lineno="1028"></stack><stack where="PHPUnit\Framework\TestResult-&gt;run" level="5" type="file" filename="file:///var/www/vendor/phpunit/phpunit/src/Framework/TestResult.php" lineno="691"></stack><stack where="Tests\Feature\Http\Controllers\Api\VideoControllerTest-&gt;run" level="6" type="file" filename="file:///var/www/vendor/phpunit/phpunit/src/Framework/TestCase.php" lineno="756"></stack><stack where="PHPUnit\Framework\TestSuite-&gt;run" level="7" type="file" filename="file:///var/www/vendor/phpunit/phpunit/src/Framework/TestSuite.php" lineno="597"></stack><stack where="PHPUnit\Framework\TestSuite-&gt;run" level="8" type="file" filename="file:///var/www/vendor/phpunit/phpunit/src/Framework/TestSuite.php" lineno="597"></stack><stack where="PHPUnit\Framework\TestSuite-&gt;run" level="9" type="file" filename="file:///var/www/vendor/phpunit/phpunit/src/Framework/TestSuite.php" lineno="597"></stack><stack where="PHPUnit\TextUI\TestRunner-&gt;doRun" level="10" type="file" filename="file:///var/www/vendor/phpunit/phpunit/src/TextUI/TestRunner.php" lineno="621"></stack><stack where="PHPUnit\TextUI\Command-&gt;run" level="11" type="file" filename="file:///var/www/vendor/phpunit/phpunit/src/TextUI/Command.php" lineno="200"></stack><stack where="PHPUnit\TextUI\Command::main" level="12" type="file" filename="file:///var/www/vendor/phpunit/phpunit/src/TextUI/Command.php" lineno="159"></stack><stack where="{main}" level="13" type="file" filename="file:///var/www/vendor/phpunit/phpunit/phpunit" lineno="61"></stack></response>

[73] <- stack_get -i 8
[73] -> <response xmlns="urn:debugger_protocol_v1" xmlns:xdebug="https://xdebug.org/dbgp/xdebug" command="stack_get" transaction_id="8"><stack where="Tests\Feature\Http\Controllers\Api\VideoControllerTest-&gt;assertInvalidationFields" level="0" type="file" filename="file:///var/www/tests/Traits/TestValidations.php" lineno="44"></stack><stack where="Tests\Feature\Http\Controllers\Api\VideoControllerTest-&gt;assertInvalidationInStoreAction" level="1" type="file" filename="file:///var/www/tests/Traits/TestValidations.php" lineno="24"></stack><stack where="Tests\Feature\Http\Controllers\Api\VideoControllerTest-&gt;testInvalidationData" level="2" type="file" filename="file:///var/www/tests/Feature/Http/Controllers/Api/VideoControllerTest.php" lineno="77"></stack><stack where="Tests\Feature\Http\Controllers\Api\VideoControllerTest-&gt;runTest" level="3" type="file" filename="file:///var/www/vendor/phpunit/phpunit/src/Framework/TestCase.php" lineno="1408"></stack><stack where="Tests\Feature\Http\Controllers\Api\VideoControllerTest-&gt;runBare" level="4" type="file" filename="file:///var/www/vendor/phpunit/phpunit/src/Framework/TestCase.php" lineno="1028"></stack><stack where="PHPUnit\Framework\TestResult-&gt;run" level="5" type="file" filename="file:///var/www/vendor/phpunit/phpunit/src/Framework/TestResult.php" lineno="691"></stack><stack where="Tests\Feature\Http\Controllers\Api\VideoControllerTest-&gt;run" level="6" type="file" filename="file:///var/www/vendor/phpunit/phpunit/src/Framework/TestCase.php" lineno="756"></stack><stack where="PHPUnit\Framework\TestSuite-&gt;run" level="7" type="file" filename="file:///var/www/vendor/phpunit/phpunit/src/Framework/TestSuite.php" lineno="597"></stack><stack where="PHPUnit\Framework\TestSuite-&gt;run" level="8" type="file" filename="file:///var/www/vendor/phpunit/phpunit/src/Framework/TestSuite.php" lineno="597"></stack><stack where="PHPUnit\Framework\TestSuite-&gt;run" level="9" type="file" filename="file:///var/www/vendor/phpunit/phpunit/src/Framework/TestSuite.php" lineno="597"></stack><stack where="PHPUnit\TextUI\TestRunner-&gt;doRun" level="10" type="file" filename="file:///var/www/vendor/phpunit/phpunit/src/TextUI/TestRunner.php" lineno="621"></stack><stack where="PHPUnit\TextUI\Command-&gt;run" level="11" type="file" filename="file:///var/www/vendor/phpunit/phpunit/src/TextUI/Command.php" lineno="200"></stack><stack where="PHPUnit\TextUI\Command::main" level="12" type="file" filename="file:///var/www/vendor/phpunit/phpunit/src/TextUI/Command.php" lineno="159"></stack><stack where="{main}" level="13" type="file" filename="file:///var/www/vendor/phpunit/phpunit/phpunit" lineno="61"></stack></response>

[73] <- context_names -i 9 -d 0
[73] -> <response xmlns="urn:debugger_protocol_v1" xmlns:xdebug="https://xdebug.org/dbgp/xdebug" command="context_names" transaction_id="9"><context name="Locals" id="0"></context><context name="Superglobals" id="1"></context><context name="User defined constants" id="2"></context></response>

[73] <- context_get -i 10 -d 0 -c 0
[73] -> <response xmlns="urn:debugger_protocol_v1" xmlns:xdebug="https://xdebug.org/dbgp/xdebug" command="context_get" transaction_id="10" context="0"><property name="$field" fullname="$field" type="uninitialized"></property><property name="$fieldName" fullname="$fieldName" type="uninitialized"></property><property name="$fields" fullname="$fields" type="array" children="0" numchildren="0" page="0" pagesize="32"></property><property name="$response" fullname="$response" type="object" classname="Illuminate\Foundation\Testing\TestResponse" children="1" numchildren="3" page="0" pagesize="32"><property name="macros" fullname="$response::macros" facet="static protected" type="array" children="0" numchildren="0"></property><property name="baseResponse" fullname="$response-&gt;baseResponse" facet="public" type="object" classname="Illuminate\Http\JsonResponse" children="1" numchildren="13"></property><property name="streamedContent" fullname="$response-&gt;streamedContent" facet="protected" type="null"></property></property><property name="$rule" fullname="$rule" type="string" size="8" encoding="base64"><![CDATA[cmVxdWlyZWQ=]]></property><property name="$ruleParams" fullname="$ruleParams" type="array" children="0" numchildren="0" page="0" pagesize="32"></property><property name="$this" fullname="$this" type="object" classname="Tests\Feature\Http\Controllers\Api\VideoControllerTest" children="1" numchildren="62" page="0" pagesize="32"><property name="*PHPUnit\Framework\Assert*count" fullname="$this::*PHPUnit\Framework\Assert*count" facet="static private" type="int"><![CDATA[0]]></property><property name="video" fullname="$this-&gt;video" facet="private" type="object" classname="App\Models\Video" children="1" numchildren="37"></property><property name="app" fullname="$this-&gt;app" facet="protected" type="object" classname="Illuminate\Foundation\Application" children="1" numchildren="32"></property><property name="afterApplicationCreatedCallbacks" fullname="$this-&gt;afterApplicationCreatedCallbacks" facet="protected" type="array" children="0" numchildren="0"></property><property name="beforeApplicationDestroyedCallbacks" fullname="$this-&gt;beforeApplicationDestroyedCallbacks" facet="protected" type="array" children="1" numchildren="2"></property><property name="callbackException" fullname="$this-&gt;callbackException" facet="protected" type="null"></property><property name="setUpHasRun" fullname="$this-&gt;setUpHasRun" facet="protected" type="bool"><![CDATA[1]]></property><property name="backupGlobals" fullname="$this-&gt;backupGlobals" facet="protected" type="null"></property><property name="backupGlobalsBlacklist" fullname="$this-&gt;backupGlobalsBlacklist" facet="protected" type="array" children="0" numchildren="0"></property><property name="backupStaticAttributes" fullname="$this-&gt;backupStaticAttributes" facet="protected" type="null"></property><property name="backupStaticAttributesBlacklist" fullname="$this-&gt;backupStaticAttributesBlacklist" facet="protected" type="array" children="0" numchildren="0"></property><property name="runTestInSeparateProcess" fullname="$this-&gt;runTestInSeparateProcess" facet="protected" type="bool"><![CDATA[0]]></property><property name="preserveGlobalState" fullname="$this-&gt;preserveGlobalState" facet="protected" type="bool"><![CDATA[1]]></property><property name="*PHPUnit\Framework\TestCase*runClassInSeparateProcess" fullname="$this-&gt;*PHPUnit\Framework\TestCase*runClassInSeparateProcess" facet="private" type="null"></property><property name="*PHPUnit\Framework\TestCase*inIsolation" fullname="$this-&gt;*PHPUnit\Framework\TestCase*inIsolation" facet="private" type="bool"><![CDATA[0]]></property><property name="*PHPUnit\Framework\TestCase*data" fullname="$this-&gt;*PHPUnit\Framework\TestCase*data" facet="private" type="array" children="0" numchildren="0"></property><property name="*PHPUnit\Framework\TestCase*dataName" fullname="$this-&gt;*PHPUnit\Framework\TestCase*dataName" facet="private" type="string" size="0" encoding="base64"><![CDATA[]]></property><property name="*PHPUnit\Framework\TestCase*expectedException" fullname="$this-&gt;*PHPUnit\Framework\TestCase*expectedException" facet="private" type="null"></property><property name="*PHPUnit\Framework\TestCase*expectedExceptionMessage" fullname="$this-&gt;*PHPUnit\Framework\TestCase*expectedExceptionMessage" facet="private" type="null"></property><property name="*PHPUnit\Framework\TestCase*expectedExceptionMessageRegExp" fullname="$this-&gt;*PHPUnit\Framework\TestCase*expectedExceptionMessageRegExp" facet="private" type="null"></property><property name="*PHPUnit\Framework\TestCase*expectedExceptionCode" fullname="$this-&gt;*PHPUnit\Framework\TestCase*expectedExceptionCode" facet="private" type="null"></property><property name="*PHPUnit\Framework\TestCase*name" fullname="$this-&gt;*PHPUnit\Framework\TestCase*name" facet="private" type="string" size="20" encoding="base64"><![CDATA[dGVzdEludmFsaWRhdGlvbkRhdGE=]]></property><property name="*PHPUnit\Framework\TestCase*dependencies" fullname="$this-&gt;*PHPUnit\Framework\TestCase*dependencies" facet="private" type="array" children="0" numchildren="0"></property><property name="*PHPUnit\Framework\TestCase*dependencyInput" fullname="$this-&gt;*PHPUnit\Framework\TestCase*dependencyInput" facet="private" type="array" children="0" numchildren="0"></property><property name="*PHPUnit\Framework\TestCase*iniSettings" fullname="$this-&gt;*PHPUnit\Framework\TestCase*iniSettings" facet="private" type="array" children="0" numchildren="0"></property><property name="*PHPUnit\Framework\TestCase*locale" fullname="$this-&gt;*PHPUnit\Framework\TestCase*locale" facet="private" type="array" children="0" numchildren="0"></property><property name="*PHPUnit\Framework\TestCase*mockObjects" fullname="$this-&gt;*PHPUnit\Framework\TestCase*mockObjects" facet="private" type="array" children="0" numchildren="0"></property><property name="*PHPUnit\Framework\TestCase*mockObjectGenerator" fullname="$this-&gt;*PHPUnit\Framework\TestCase*mockObjectGenerator" facet="private" type="null"></property><property name="*PHPUnit\Framework\TestCase*status" fullname="$this-&gt;*PHPUnit\Framework\TestCase*status" facet="private" type="int"><![CDATA[-1]]></property><property name="*PHPUnit\Framework\TestCase*statusMessage" fullname="$this-&gt;*PHPUnit\Framework\TestCase*statusMessage" facet="private" type="string" size="0" encoding="base64"><![CDATA[]]></property><property name="*PHPUnit\Framework\TestCase*numAssertions" fullname="$this-&gt;*PHPUnit\Framework\TestCase*numAssertions" facet="private" type="int"><![CDATA[0]]></property><property name="*PHPUnit\Framework\TestCase*result" fullname="$this-&gt;*PHPUnit\Framework\TestCase*result" facet="private" type="object" classname="PHPUnit\Framework\TestResult" children="1" numchildren="35"></property></property></response>

[73] <- context_get -i 11 -d 0 -c 1
[73] -> <response xmlns="urn:debugger_protocol_v1" xmlns:xdebug="https://xdebug.org/dbgp/xdebug" command="context_get" transaction_id="11" context="1"><property name="$_COOKIE" fullname="$_COOKIE" type="array" children="0" numchildren="0" page="0" pagesize="32"></property><property name="$_ENV" fullname="$_ENV" type="array" children="1" numchildren="54" page="0" pagesize="32"><property name="PATH" fullname="$_ENV[&quot;PATH&quot;]" type="string" size="60" encoding="base64"><![CDATA[L3Vzci9sb2NhbC9zYmluOi91c3IvbG9jYWwvYmluOi91c3Ivc2JpbjovdXNyL2Jpbjovc2JpbjovYmlu]]></property><property name="HOSTNAME" fullname="$_ENV[&quot;HOSTNAME&quot;]" type="string" size="12" encoding="base64"><![CDATA[NDk4OWU3ODZlMDE3]]></property><property name="TERM" fullname="$_ENV[&quot;TERM&quot;]" type="string" size="5" encoding="base64"><![CDATA[eHRlcm0=]]></property><property name="_DB_USERNAME" fullname="$_ENV[&quot;_DB_USERNAME&quot;]" type="string" size="4" encoding="base64"><![CDATA[cm9vdA==]]></property><property name="_DB_HOST" fullname="$_ENV[&quot;_DB_HOST&quot;]" type="string" size="13" encoding="base64"><![CDATA[Q2F0YWxvZy1teXNxbA==]]></property><property name="_DB_PASSWORD" fullname="$_ENV[&quot;_DB_PASSWORD&quot;]" type="string" size="4" encoding="base64"><![CDATA[cm9vdA==]]></property><property name="_DB_DATABASE" fullname="$_ENV[&quot;_DB_DATABASE&quot;]" type="string" size="12" encoding="base64"><![CDATA[Y2F0YWxvZ19wcm9k]]></property><property name="_DB_DATABASE_TEST" fullname="$_ENV[&quot;_DB_DATABASE_TEST&quot;]" type="string" size="12" encoding="base64"><![CDATA[Y2F0YWxvZ190ZXN0]]></property><property name="PHPIZE_DEPS" fullname="$_ENV[&quot;PHPIZE_DEPS&quot;]" type="string" size="78" encoding="base64"><![CDATA[YXV0b2NvbmYgCQlkcGtnLWRldiBkcGtnIAkJZmlsZSAJCWcrKyAJCWdjYyAJCWxpYmMtZGV2IAkJbWFrZSAJCXBrZ2NvbmYgCQlyZTJj]]></property><property name="PHP_INI_DIR" fullname="$_ENV[&quot;PHP_INI_DIR&quot;]" type="string" size="18" encoding="base64"><![CDATA[L3Vzci9sb2NhbC9ldGMvcGhw]]></property><property name="PHP_EXTRA_CONFIGURE_ARGS" fullname="$_ENV[&quot;PHP_EXTRA_CONFIGURE_ARGS&quot;]" type="string" size="77" encoding="base64"><![CDATA[LS1lbmFibGUtZnBtIC0td2l0aC1mcG0tdXNlcj13d3ctZGF0YSAtLXdpdGgtZnBtLWdyb3VwPXd3dy1kYXRhIC0tZGlzYWJsZS1jZ2k=]]></property><property name="PHP_CFLAGS" fullname="$_ENV[&quot;PHP_CFLAGS&quot;]" type="string" size="40" encoding="base64"><![CDATA[LWZzdGFjay1wcm90ZWN0b3Itc3Ryb25nIC1mcGljIC1mcGllIC1PMg==]]></property><property name="PHP_CPPFLAGS" fullname="$_ENV[&quot;PHP_CPPFLAGS&quot;]" type="string" size="40" encoding="base64"><![CDATA[LWZzdGFjay1wcm90ZWN0b3Itc3Ryb25nIC1mcGljIC1mcGllIC1PMg==]]></property><property name="PHP_LDFLAGS" fullname="$_ENV[&quot;PHP_LDFLAGS&quot;]" type="string" size="34" encoding="base64"><![CDATA[LVdsLC1PMSAtV2wsLS1oYXNoLXN0eWxlPWJvdGggLXBpZQ==]]></property><property name="GPG_KEYS" fullname="$_ENV[&quot;GPG_KEYS&quot;]" type="string" size="81" encoding="base64"><![CDATA[Q0JBRjY5RjE3M0EwRkVBNEI1MzdGNDcwRDY2Qzk1OTMxMThCQ0NCNiBGMzgyNTI4MjZBQ0Q5NTdFRjM4MEQzOUYyRjc5NTZCQzVEQTA0QjVE]]></property><property name="PHP_VERSION" fullname="$_ENV[&quot;PHP_VERSION&quot;]" type="string" size="5" encoding="base64"><![CDATA[Ny4zLjY=]]></property><property name="PHP_URL" fullname="$_ENV[&quot;PHP_URL&quot;]" type="string" size="57" encoding="base64"><![CDATA[aHR0cHM6Ly93d3cucGhwLm5ldC9nZXQvcGhwLTcuMy42LnRhci54ei9mcm9tL3RoaXMvbWlycm9y]]></property><property name="PHP_ASC_URL" fullname="$_ENV[&quot;PHP_ASC_URL&quot;]" type="string" size="61" encoding="base64"><![CDATA[aHR0cHM6Ly93d3cucGhwLm5ldC9nZXQvcGhwLTcuMy42LnRhci54ei5hc2MvZnJvbS90aGlzL21pcnJvcg==]]></property><property name="PHP_SHA256" fullname="$_ENV[&quot;PHP_SHA256&quot;]" type="string" size="64" encoding="base64"><![CDATA[ZmVmYzg5NjdkYWEzMGViYzM3NWIyYWIyODU3Zjk3ZGE5NGNhODE5MjFiNzIyZGRhYzg2YjI5ZTE1YzU0YTE2NA==]]></property><property name="PHP_MD5" fullname="$_ENV[&quot;PHP_MD5&quot;]" type="string" size="0" encoding="base64"><![CDATA[]]></property><property name="DOCKERIZE_VERSION" fullname="$_ENV[&quot;DOCKERIZE_VERSION&quot;]" type="string" size="6" encoding="base64"><![CDATA[djAuNi4x]]></property><property name="HOME" fullname="$_ENV[&quot;HOME&quot;]" type="string" size="5" encoding="base64"><![CDATA[L3Jvb3Q=]]></property><property name="APP_NAME" fullname="$_ENV[&quot;APP_NAME&quot;]" type="string" size="7" encoding="base64"><![CDATA[TGFyYXZlbA==]]></property><property name="APP_KEY" fullname="$_ENV[&quot;APP_KEY&quot;]" type="string" size="51" encoding="base64"><![CDATA[YmFzZTY0Okd0aTRyc0EyYjd6a2wwOVZTRDdheVk1YlowemQwYTcvNGJ5OXpXekYwbXc9]]></property><property name="APP_DEBUG" fullname="$_ENV[&quot;APP_DEBUG&quot;]" type="string" size="4" encoding="base64"><![CDATA[dHJ1ZQ==]]></property><property name="APP_URL" fullname="$_ENV[&quot;APP_URL&quot;]" type="string" size="16" encoding="base64"><![CDATA[aHR0cDovL2xvY2FsaG9zdA==]]></property><property name="LOG_CHANNEL" fullname="$_ENV[&quot;LOG_CHANNEL&quot;]" type="string" size="5" encoding="base64"><![CDATA[c3RhY2s=]]></property><property name="DB_CONNECTION" fullname="$_ENV[&quot;DB_CONNECTION&quot;]" type="string" size="5" encoding="base64"><![CDATA[bXlzcWw=]]></property><property name="DB_HOST" fullname="$_ENV[&quot;DB_HOST&quot;]" type="string" size="13" encoding="base64"><![CDATA[Q2F0YWxvZy1teXNxbA==]]></property><property name="DB_PORT" fullname="$_ENV[&quot;DB_PORT&quot;]" type="string" size="4" encoding="base64"><![CDATA[MzMwNg==]]></property><property name="DB_DATABASE" fullname="$_ENV[&quot;DB_DATABASE&quot;]" type="string" size="12" encoding="base64"><![CDATA[Y2F0YWxvZ190ZXN0]]></property><property name="DB_USERNAME" fullname="$_ENV[&quot;DB_USERNAME&quot;]" type="string" size="4" encoding="base64"><![CDATA[cm9vdA==]]></property></property><property name="$_FILES" fullname="$_FILES" type="array" children="0" numchildren="0" page="0" pagesize="32"></property><property name="$_GET" fullname="$_GET" type="array" children="0" numchildren="0" page="0" pagesize="32"></property><property name="$_POST" fullname="$_POST" type="array" children="0" numchildren="0" page="0" pagesize="32"></property><property name="$_REQUEST" fullname="$_REQUEST" type="array" children="0" numchildren="0" page="0" pagesize="32"></property><property name="$_SERVER" fullname="$_SERVER" type="array" children="1" numchildren="69" page="0" pagesize="32"><property name="PATH" fullname="$_SERVER[&quot;PATH&quot;]" type="string" size="60" encoding="base64"><![CDATA[L3Vzci9sb2NhbC9zYmluOi91c3IvbG9jYWwvYmluOi91c3Ivc2JpbjovdXNyL2Jpbjovc2JpbjovYmlu]]></property><property name="HOSTNAME" fullname="$_SERVER[&quot;HOSTNAME&quot;]" type="string" size="12" encoding="base64"><![CDATA[NDk4OWU3ODZlMDE3]]></property><property name="TERM" fullname="$_SERVER[&quot;TERM&quot;]" type="string" size="5" encoding="base64"><![CDATA[eHRlcm0=]]></property><property name="_DB_USERNAME" fullname="$_SERVER[&quot;_DB_USERNAME&quot;]" type="string" size="4" encoding="base64"><![CDATA[cm9vdA==]]></property><property name="_DB_HOST" fullname="$_SERVER[&quot;_DB_HOST&quot;]" type="string" size="13" encoding="base64"><![CDATA[Q2F0YWxvZy1teXNxbA==]]></property><property name="_DB_PASSWORD" fullname="$_SERVER[&quot;_DB_PASSWORD&quot;]" type="string" size="4" encoding="base64"><![CDATA[cm9vdA==]]></property><property name="_DB_DATABASE" fullname="$_SERVER[&quot;_DB_DATABASE&quot;]" type="string" size="12" encoding="base64"><![CDATA[Y2F0YWxvZ19wcm9k]]></property><property name="_DB_DATABASE_TEST" fullname="$_SERVER[&quot;_DB_DATABASE_TEST&quot;]" type="string" size="12" encoding="base64"><![CDATA[Y2F0YWxvZ190ZXN0]]></property><property name="PHPIZE_DEPS" fullname="$_SERVER[&quot;PHPIZE_DEPS&quot;]" type="string" size="78" encoding="base64"><![CDATA[YXV0b2NvbmYgCQlkcGtnLWRldiBkcGtnIAkJZmlsZSAJCWcrKyAJCWdjYyAJCWxpYmMtZGV2IAkJbWFrZSAJCXBrZ2NvbmYgCQlyZTJj]]></property><property name="PHP_INI_DIR" fullname="$_SERVER[&quot;PHP_INI_DIR&quot;]" type="string" size="18" encoding="base64"><![CDATA[L3Vzci9sb2NhbC9ldGMvcGhw]]></property><property name="PHP_EXTRA_CONFIGURE_ARGS" fullname="$_SERVER[&quot;PHP_EXTRA_CONFIGURE_ARGS&quot;]" type="string" size="77" encoding="base64"><![CDATA[LS1lbmFibGUtZnBtIC0td2l0aC1mcG0tdXNlcj13d3ctZGF0YSAtLXdpdGgtZnBtLWdyb3VwPXd3dy1kYXRhIC0tZGlzYWJsZS1jZ2k=]]></property><property name="PHP_CFLAGS" fullname="$_SERVER[&quot;PHP_CFLAGS&quot;]" type="string" size="40" encoding="base64"><![CDATA[LWZzdGFjay1wcm90ZWN0b3Itc3Ryb25nIC1mcGljIC1mcGllIC1PMg==]]></property><property name="PHP_CPPFLAGS" fullname="$_SERVER[&quot;PHP_CPPFLAGS&quot;]" type="string" size="40" encoding="base64"><![CDATA[LWZzdGFjay1wcm90ZWN0b3Itc3Ryb25nIC1mcGljIC1mcGllIC1PMg==]]></property><property name="PHP_LDFLAGS" fullname="$_SERVER[&quot;PHP_LDFLAGS&quot;]" type="string" size="34" encoding="base64"><![CDATA[LVdsLC1PMSAtV2wsLS1oYXNoLXN0eWxlPWJvdGggLXBpZQ==]]></property><property name="GPG_KEYS" fullname="$_SERVER[&quot;GPG_KEYS&quot;]" type="string" size="81" encoding="base64"><![CDATA[Q0JBRjY5RjE3M0EwRkVBNEI1MzdGNDcwRDY2Qzk1OTMxMThCQ0NCNiBGMzgyNTI4MjZBQ0Q5NTdFRjM4MEQzOUYyRjc5NTZCQzVEQTA0QjVE]]></property><property name="PHP_VERSION" fullname="$_SERVER[&quot;PHP_VERSION&quot;]" type="string" size="5" encoding="base64"><![CDATA[Ny4zLjY=]]></property><property name="PHP_URL" fullname="$_SERVER[&quot;PHP_URL&quot;]" type="string" size="57" encoding="base64"><![CDATA[aHR0cHM6Ly93d3cucGhwLm5ldC9nZXQvcGhwLTcuMy42LnRhci54ei9mcm9tL3RoaXMvbWlycm9y]]></property><property name="PHP_ASC_URL" fullname="$_SERVER[&quot;PHP_ASC_URL&quot;]" type="string" size="61" encoding="base64"><![CDATA[aHR0cHM6Ly93d3cucGhwLm5ldC9nZXQvcGhwLTcuMy42LnRhci54ei5hc2MvZnJvbS90aGlzL21pcnJvcg==]]></property><property name="PHP_SHA256" fullname="$_SERVER[&quot;PHP_SHA256&quot;]" type="string" size="64" encoding="base64"><![CDATA[ZmVmYzg5NjdkYWEzMGViYzM3NWIyYWIyODU3Zjk3ZGE5NGNhODE5MjFiNzIyZGRhYzg2YjI5ZTE1YzU0YTE2NA==]]></property><property name="PHP_MD5" fullname="$_SERVER[&quot;PHP_MD5&quot;]" type="string" size="0" encoding="base64"><![CDATA[]]></property><property name="DOCKERIZE_VERSION" fullname="$_SERVER[&quot;DOCKERIZE_VERSION&quot;]" type="string" size="6" encoding="base64"><![CDATA[djAuNi4x]]></property><property name="HOME" fullname="$_SERVER[&quot;HOME&quot;]" type="string" size="5" encoding="base64"><![CDATA[L3Jvb3Q=]]></property><property name="PHP_SELF" fullname="$_SERVER[&quot;PHP_SELF&quot;]" type="string" size="18" encoding="base64"><![CDATA[dmVuZG9yL2Jpbi9waHB1bml0]]></property><property name="SCRIPT_NAME" fullname="$_SERVER[&quot;SCRIPT_NAME&quot;]" type="string" size="18" encoding="base64"><![CDATA[dmVuZG9yL2Jpbi9waHB1bml0]]></property><property name="SCRIPT_FILENAME" fullname="$_SERVER[&quot;SCRIPT_FILENAME&quot;]" type="string" size="18" encoding="base64"><![CDATA[dmVuZG9yL2Jpbi9waHB1bml0]]></property><property name="PATH_TRANSLATED" fullname="$_SERVER[&quot;PATH_TRANSLATED&quot;]" type="string" size="18" encoding="base64"><![CDATA[dmVuZG9yL2Jpbi9waHB1bml0]]></property><property name="DOCUMENT_ROOT" fullname="$_SERVER[&quot;DOCUMENT_ROOT&quot;]" type="string" size="0" encoding="base64"><![CDATA[]]></property><property name="REQUEST_TIME_FLOAT" fullname="$_SERVER[&quot;REQUEST_TIME_FLOAT&quot;]" type="float"><![CDATA[1584794415.0373]]></property><property name="REQUEST_TIME" fullname="$_SERVER[&quot;REQUEST_TIME&quot;]" type="int"><![CDATA[1584794415]]></property><property name="argv" fullname="$_SERVER[&quot;argv&quot;]" type="array" children="1" numchildren="3"></property><property name="argc" fullname="$_SERVER[&quot;argc&quot;]" type="int"><![CDATA[3]]></property><property name="APP_ENV" fullname="$_SERVER[&quot;APP_ENV&quot;]" type="string" size="7" encoding="base64"><![CDATA[dGVzdGluZw==]]></property></property><property name="$GLOBALS" fullname="$GLOBALS" type="array" children="1" numchildren="15" page="0" pagesize="32"><property name="_GET" fullname="$GLOBALS[&quot;_GET&quot;]" type="array" children="0" numchildren="0"></property><property name="_POST" fullname="$GLOBALS[&quot;_POST&quot;]" type="array" children="0" numchildren="0"></property><property name="_COOKIE" fullname="$GLOBALS[&quot;_COOKIE&quot;]" type="array" children="0" numchildren="0"></property><property name="_FILES" fullname="$GLOBALS[&quot;_FILES&quot;]" type="array" children="0" numchildren="0"></property><property name="argv" fullname="$GLOBALS[&quot;argv&quot;]" type="array" children="1" numchildren="3"></property><property name="argc" fullname="$GLOBALS[&quot;argc&quot;]" type="int"><![CDATA[3]]></property><property name="_ENV" fullname="$GLOBALS[&quot;_ENV&quot;]" type="array" children="1" numchildren="54"></property><property name="_REQUEST" fullname="$GLOBALS[&quot;_REQUEST&quot;]" type="array" children="0" numchildren="0"></property><property name="_SERVER" fullname="$GLOBALS[&quot;_SERVER&quot;]" type="array" children="1" numchildren="69"></property><property name="GLOBALS" fullname="$GLOBALS[&quot;GLOBALS&quot;]" type="array" children="1" recursive="1"></property><property name="__composer_autoload_files" fullname="$GLOBALS[&quot;__composer_autoload_files&quot;]" type="array" children="1" numchildren="17"></property><property name="__PHPUNIT_CONFIGURATION_FILE" fullname="$GLOBALS[&quot;__PHPUNIT_CONFIGURATION_FILE&quot;]" type="string" size="20" encoding="base64"><![CDATA[L3Zhci93d3cvcGhwdW5pdC54bWw=]]></property><property name="__PHPUNIT_BOOTSTRAP" fullname="$GLOBALS[&quot;__PHPUNIT_BOOTSTRAP&quot;]" type="string" size="28" encoding="base64"><![CDATA[L3Zhci93d3cvdmVuZG9yL2F1dG9sb2FkLnBocA==]]></property></property></response>

[73] <- context_get -i 12 -d 0 -c 2
[73] -> <response xmlns="urn:debugger_protocol_v1" xmlns:xdebug="https://xdebug.org/dbgp/xdebug" command="context_get" transaction_id="12" context="2"><property name="PHPUNIT_COMPOSER_INSTALL" fullname="PHPUNIT_COMPOSER_INSTALL" type="string" size="50" facet="constant" encoding="base64"><![CDATA[L3Zhci93d3cvdmVuZG9yL3BocHVuaXQvcGhwdW5pdC8uLi8uLi9hdXRvbG9hZC5waHA=]]></property><property name="U_IDNA_PROHIBITED_ERROR" fullname="U_IDNA_PROHIBITED_ERROR" type="int" facet="constant"><![CDATA[66560]]></property><property name="U_IDNA_ERROR_START" fullname="U_IDNA_ERROR_START" type="int" facet="constant"><![CDATA[66560]]></property><property name="U_IDNA_UNASSIGNED_ERROR" fullname="U_IDNA_UNASSIGNED_ERROR" type="int" facet="constant"><![CDATA[66561]]></property><property name="U_IDNA_CHECK_BIDI_ERROR" fullname="U_IDNA_CHECK_BIDI_ERROR" type="int" facet="constant"><![CDATA[66562]]></property><property name="U_IDNA_STD3_ASCII_RULES_ERROR" fullname="U_IDNA_STD3_ASCII_RULES_ERROR" type="int" facet="constant"><![CDATA[66563]]></property><property name="U_IDNA_ACE_PREFIX_ERROR" fullname="U_IDNA_ACE_PREFIX_ERROR" type="int" facet="constant"><![CDATA[66564]]></property><property name="U_IDNA_VERIFICATION_ERROR" fullname="U_IDNA_VERIFICATION_ERROR" type="int" facet="constant"><![CDATA[66565]]></property><property name="U_IDNA_LABEL_TOO_LONG_ERROR" fullname="U_IDNA_LABEL_TOO_LONG_ERROR" type="int" facet="constant"><![CDATA[66566]]></property><property name="U_IDNA_ZERO_LENGTH_LABEL_ERROR" fullname="U_IDNA_ZERO_LENGTH_LABEL_ERROR" type="int" facet="constant"><![CDATA[66567]]></property><property name="U_IDNA_DOMAIN_NAME_TOO_LONG_ERROR" fullname="U_IDNA_DOMAIN_NAME_TOO_LONG_ERROR" type="int" facet="constant"><![CDATA[66568]]></property><property name="U_IDNA_ERROR_LIMIT" fullname="U_IDNA_ERROR_LIMIT" type="int" facet="constant"><![CDATA[66569]]></property><property name="U_STRINGPREP_PROHIBITED_ERROR" fullname="U_STRINGPREP_PROHIBITED_ERROR" type="int" facet="constant"><![CDATA[66560]]></property><property name="U_STRINGPREP_UNASSIGNED_ERROR" fullname="U_STRINGPREP_UNASSIGNED_ERROR" type="int" facet="constant"><![CDATA[66561]]></property><property name="U_STRINGPREP_CHECK_BIDI_ERROR" fullname="U_STRINGPREP_CHECK_BIDI_ERROR" type="int" facet="constant"><![CDATA[66562]]></property><property name="IDNA_DEFAULT" fullname="IDNA_DEFAULT" type="int" facet="constant"><![CDATA[0]]></property><property name="IDNA_ALLOW_UNASSIGNED" fullname="IDNA_ALLOW_UNASSIGNED" type="int" facet="constant"><![CDATA[1]]></property><property name="IDNA_USE_STD3_RULES" fullname="IDNA_USE_STD3_RULES" type="int" facet="constant"><![CDATA[2]]></property><property name="IDNA_CHECK_BIDI" fullname="IDNA_CHECK_BIDI" type="int" facet="constant"><![CDATA[4]]></property><property name="IDNA_CHECK_CONTEXTJ" fullname="IDNA_CHECK_CONTEXTJ" type="int" facet="constant"><![CDATA[8]]></property><property name="IDNA_NONTRANSITIONAL_TO_ASCII" fullname="IDNA_NONTRANSITIONAL_TO_ASCII" type="int" facet="constant"><![CDATA[16]]></property><property name="IDNA_NONTRANSITIONAL_TO_UNICODE" fullname="IDNA_NONTRANSITIONAL_TO_UNICODE" type="int" facet="constant"><![CDATA[32]]></property><property name="INTL_IDNA_VARIANT_2003" fullname="INTL_IDNA_VARIANT_2003" type="int" facet="constant"><![CDATA[0]]></property><property name="INTL_IDNA_VARIANT_UTS46" fullname="INTL_IDNA_VARIANT_UTS46" type="int" facet="constant"><![CDATA[1]]></property><property name="IDNA_ERROR_EMPTY_LABEL" fullname="IDNA_ERROR_EMPTY_LABEL" type="int" facet="constant"><![CDATA[1]]></property><property name="IDNA_ERROR_LABEL_TOO_LONG" fullname="IDNA_ERROR_LABEL_TOO_LONG" type="int" facet="constant"><![CDATA[2]]></property><property name="IDNA_ERROR_DOMAIN_NAME_TOO_LONG" fullname="IDNA_ERROR_DOMAIN_NAME_TOO_LONG" type="int" facet="constant"><![CDATA[4]]></property><property name="IDNA_ERROR_LEADING_HYPHEN" fullname="IDNA_ERROR_LEADING_HYPHEN" type="int" facet="constant"><![CDATA[8]]></property><property name="IDNA_ERROR_TRAILING_HYPHEN" fullname="IDNA_ERROR_TRAILING_HYPHEN" type="int" facet="constant"><![CDATA[16]]></property><property name="IDNA_ERROR_HYPHEN_3_4" fullname="IDNA_ERROR_HYPHEN_3_4" type="int" facet="constant"><![CDATA[32]]></property><property name="IDNA_ERROR_LEADING_COMBINING_MARK" fullname="IDNA_ERROR_LEADING_COMBINING_MARK" type="int" facet="constant"><![CDATA[64]]></property><property name="IDNA_ERROR_DISALLOWED" fullname="IDNA_ERROR_DISALLOWED" type="int" facet="constant"><![CDATA[128]]></property><property name="IDNA_ERROR_PUNYCODE" fullname="IDNA_ERROR_PUNYCODE" type="int" facet="constant"><![CDATA[256]]></property><property name="IDNA_ERROR_LABEL_HAS_DOT" fullname="IDNA_ERROR_LABEL_HAS_DOT" type="int" facet="constant"><![CDATA[512]]></property><property name="IDNA_ERROR_INVALID_ACE_LABEL" fullname="IDNA_ERROR_INVALID_ACE_LABEL" type="int" facet="constant"><![CDATA[1024]]></property><property name="IDNA_ERROR_BIDI" fullname="IDNA_ERROR_BIDI" type="int" facet="constant"><![CDATA[2048]]></property><property name="IDNA_ERROR_CONTEXTJ" fullname="IDNA_ERROR_CONTEXTJ" type="int" facet="constant"><![CDATA[4096]]></property><property name="ARTISAN_BINARY" fullname="ARTISAN_BINARY" type="string" size="7" facet="constant" encoding="base64"><![CDATA[YXJ0aXNhbg==]]></property></response>

[73] <- breakpoint_list -i 13
[73] -> <response xmlns="urn:debugger_protocol_v1" xmlns:xdebug="https://xdebug.org/dbgp/xdebug" command="breakpoint_list" transaction_id="13"><breakpoint type="line" filename="file:///var/www/tests/Traits/TestValidations.php" lineno="44" state="enabled" hit_count="1" hit_value="0" id="730001"></breakpoint></response>

[73] <- breakpoint_remove -i 14 -d 730001
[73] -> <response xmlns="urn:debugger_protocol_v1" xmlns:xdebug="https://xdebug.org/dbgp/xdebug" command="breakpoint_remove" transaction_id="14"><breakpoint type="line" filename="file:///var/www/tests/Traits/TestValidations.php" lineno="44" state="enabled" hit_count="1" hit_value="0" id="730001"></breakpoint></response>

[73] <- run -i 15
[73] -> <response xmlns="urn:debugger_protocol_v1" xmlns:xdebug="https://xdebug.org/dbgp/xdebug" command="run" transaction_id="15" status="stopping" reason="ok"></response>

[73] <- stop -i 16
[73] -> <response xmlns="urn:debugger_protocol_v1" xmlns:xdebug="https://xdebug.org/dbgp/xdebug" command="stop" transaction_id="16" status="stopped" reason="ok"></response>

[73] Log closed at 2020-03-21 12:41:41

[16] Log opened at 2020-03-21 19:18:16
[16] I: Checking remote connect back address.
[16] I: Checking header 'HTTP_X_FORWARDED_FOR'.
[16] I: Checking header 'REMOTE_ADDR'.
[16] W: Remote address not found, connecting to configured address/port: 172.172.0.1:9000. :-|
[16] W: Creating socket for '172.172.0.1:9000', poll success, but error: Operation in progress (29).
[16] E: Could not connect to client. :-(
[16] Log closed at 2020-03-21 19:18:16

[25] Log opened at 2020-03-21 19:18:20
[25] I: Checking remote connect back address.
[25] I: Checking header 'HTTP_X_FORWARDED_FOR'.
[25] I: Checking header 'REMOTE_ADDR'.
[25] W: Remote address not found, connecting to configured address/port: 172.172.0.1:9000. :-|
[25] W: Creating socket for '172.172.0.1:9000', poll success, but error: Operation in progress (29).
[25] E: Could not connect to client. :-(
[25] Log closed at 2020-03-21 19:18:20

[32] Log opened at 2020-03-21 19:18:21
[32] I: Checking remote connect back address.
[32] I: Checking header 'HTTP_X_FORWARDED_FOR'.
[32] I: Checking header 'REMOTE_ADDR'.
[32] W: Remote address not found, connecting to configured address/port: 172.172.0.1:9000. :-|
[32] W: Creating socket for '172.172.0.1:9000', poll success, but error: Operation in progress (29).
[32] E: Could not connect to client. :-(
[32] Log closed at 2020-03-21 19:18:21

[39] Log opened at 2020-03-21 19:18:26
[39] I: Checking remote connect back address.
[39] I: Checking header 'HTTP_X_FORWARDED_FOR'.
[39] I: Checking header 'REMOTE_ADDR'.
[39] W: Remote address not found, connecting to configured address/port: 172.172.0.1:9000. :-|
[39] W: Creating socket for '172.172.0.1:9000', poll success, but error: Operation in progress (29).
[39] E: Could not connect to client. :-(
[39] Log closed at 2020-03-21 19:18:26

[46] Log opened at 2020-03-21 19:18:27
[46] I: Checking remote connect back address.
[46] I: Checking header 'HTTP_X_FORWARDED_FOR'.
[46] I: Checking header 'REMOTE_ADDR'.
[46] W: Remote address not found, connecting to configured address/port: 172.172.0.1:9000. :-|
[46] W: Creating socket for '172.172.0.1:9000', poll success, but error: Operation in progress (29).
[46] E: Could not connect to client. :-(
[46] Log closed at 2020-03-21 19:18:27

[53] Log opened at 2020-03-21 19:18:28
[53] I: Checking remote connect back address.
[53] I: Checking header 'HTTP_X_FORWARDED_FOR'.
[53] I: Checking header 'REMOTE_ADDR'.
[53] W: Remote address not found, connecting to configured address/port: 172.172.0.1:9000. :-|
[53] W: Creating socket for '172.172.0.1:9000', poll success, but error: Operation in progress (29).
[53] E: Could not connect to client. :-(
[53] Log closed at 2020-03-21 19:18:28

[68] Log opened at 2020-03-21 19:18:59
[68] I: Checking remote connect back address.
[68] I: Checking header 'HTTP_X_FORWARDED_FOR'.
[68] I: Checking header 'REMOTE_ADDR'.
[68] W: Remote address not found, connecting to configured address/port: 172.172.0.1:9000. :-|
[68] W: Creating socket for '172.172.0.1:9000', poll success, but error: Operation in progress (29).
[68] E: Could not connect to client. :-(
[68] Log closed at 2020-03-21 19:18:59

[72] Log opened at 2020-03-21 19:19:00
[72] I: Checking remote connect back address.
[72] I: Checking header 'HTTP_X_FORWARDED_FOR'.
[72] I: Checking header 'REMOTE_ADDR'.
[72] W: Remote address not found, connecting to configured address/port: 172.172.0.1:9000. :-|
[72] W: Creating socket for '172.172.0.1:9000', poll success, but error: Operation in progress (29).
[72] E: Could not connect to client. :-(
[72] Log closed at 2020-03-21 19:19:00

[81] Log opened at 2020-03-21 19:19:02
[81] I: Checking remote connect back address.
[81] I: Checking header 'HTTP_X_FORWARDED_FOR'.
[81] I: Checking header 'REMOTE_ADDR'.
[81] W: Remote address not found, connecting to configured address/port: 172.172.0.1:9000. :-|
[81] W: Creating socket for '172.172.0.1:9000', poll success, but error: Operation in progress (29).
[81] E: Could not connect to client. :-(
[81] Log closed at 2020-03-21 19:19:02

[88] Log opened at 2020-03-21 19:19:03
[88] I: Checking remote connect back address.
[88] I: Checking header 'HTTP_X_FORWARDED_FOR'.
[88] I: Checking header 'REMOTE_ADDR'.
[88] W: Remote address not found, connecting to configured address/port: 172.172.0.1:9000. :-|
[88] W: Creating socket for '172.172.0.1:9000', poll success, but error: Operation in progress (29).
[88] E: Could not connect to client. :-(
[88] Log closed at 2020-03-21 19:19:03

[95] Log opened at 2020-03-21 19:19:08
[95] I: Checking remote connect back address.
[95] I: Checking header 'HTTP_X_FORWARDED_FOR'.
[95] I: Checking header 'REMOTE_ADDR'.
[95] W: Remote address not found, connecting to configured address/port: 172.172.0.1:9000. :-|
[95] W: Creating socket for '172.172.0.1:9000', poll success, but error: Operation in progress (29).
[95] E: Could not connect to client. :-(
[95] Log closed at 2020-03-21 19:19:08

[104] Log opened at 2020-03-21 19:26:12
[104] I: Checking remote connect back address.
[104] I: Checking header 'HTTP_X_FORWARDED_FOR'.
[104] I: Checking header 'REMOTE_ADDR'.
[104] W: Remote address not found, connecting to configured address/port: 172.172.0.1:9000. :-|
[104] W: Creating socket for '172.172.0.1:9000', poll success, but error: Operation in progress (29).
[104] E: Could not connect to client. :-(
[104] Log closed at 2020-03-21 19:26:12

[108] Log opened at 2020-03-21 19:26:12
[108] I: Checking remote connect back address.
[108] I: Checking header 'HTTP_X_FORWARDED_FOR'.
[108] I: Checking header 'REMOTE_ADDR'.
[108] W: Remote address not found, connecting to configured address/port: 172.172.0.1:9000. :-|
[108] W: Creating socket for '172.172.0.1:9000', poll success, but error: Operation in progress (29).
[108] E: Could not connect to client. :-(
[108] Log closed at 2020-03-21 19:26:12

[117] Log opened at 2020-03-21 19:26:16
[117] I: Checking remote connect back address.
[117] I: Checking header 'HTTP_X_FORWARDED_FOR'.
[117] I: Checking header 'REMOTE_ADDR'.
[117] W: Remote address not found, connecting to configured address/port: 172.172.0.1:9000. :-|
[117] W: Creating socket for '172.172.0.1:9000', poll success, but error: Operation in progress (29).
[117] E: Could not connect to client. :-(
[117] Log closed at 2020-03-21 19:26:16

[124] Log opened at 2020-03-21 19:26:16
[124] I: Checking remote connect back address.
[124] I: Checking header 'HTTP_X_FORWARDED_FOR'.
[124] I: Checking header 'REMOTE_ADDR'.
[124] W: Remote address not found, connecting to configured address/port: 172.172.0.1:9000. :-|
[124] W: Creating socket for '172.172.0.1:9000', poll success, but error: Operation in progress (29).
[124] E: Could not connect to client. :-(
[124] Log closed at 2020-03-21 19:26:16

[131] Log opened at 2020-03-21 19:26:20
[131] I: Checking remote connect back address.
[131] I: Checking header 'HTTP_X_FORWARDED_FOR'.
[131] I: Checking header 'REMOTE_ADDR'.
[131] W: Remote address not found, connecting to configured address/port: 172.172.0.1:9000. :-|
[131] W: Creating socket for '172.172.0.1:9000', poll success, but error: Operation in progress (29).
[131] E: Could not connect to client. :-(
[131] Log closed at 2020-03-21 19:26:20

[17] Log opened at 2020-03-21 23:14:49
[17] I: Checking remote connect back address.
[17] I: Checking header 'HTTP_X_FORWARDED_FOR'.
[17] I: Checking header 'REMOTE_ADDR'.
[17] W: Remote address not found, connecting to configured address/port: 172.172.0.1:9000. :-|
[17] W: Creating socket for '172.172.0.1:9000', poll success, but error: Operation in progress (29).
[17] E: Could not connect to client. :-(
[17] Log closed at 2020-03-21 23:14:49

[26] Log opened at 2020-03-21 23:14:53
[26] I: Checking remote connect back address.
[26] I: Checking header 'HTTP_X_FORWARDED_FOR'.
[26] I: Checking header 'REMOTE_ADDR'.
[26] W: Remote address not found, connecting to configured address/port: 172.172.0.1:9000. :-|
[26] W: Creating socket for '172.172.0.1:9000', poll success, but error: Operation in progress (29).
[26] E: Could not connect to client. :-(
[26] Log closed at 2020-03-21 23:14:53

[33] Log opened at 2020-03-21 23:14:54
[33] I: Checking remote connect back address.
[33] I: Checking header 'HTTP_X_FORWARDED_FOR'.
[33] I: Checking header 'REMOTE_ADDR'.
[33] W: Remote address not found, connecting to configured address/port: 172.172.0.1:9000. :-|
[33] W: Creating socket for '172.172.0.1:9000', poll success, but error: Operation in progress (29).
[33] E: Could not connect to client. :-(
[33] Log closed at 2020-03-21 23:14:54

[40] Log opened at 2020-03-21 23:14:59
[40] I: Checking remote connect back address.
[40] I: Checking header 'HTTP_X_FORWARDED_FOR'.
[40] I: Checking header 'REMOTE_ADDR'.
[40] W: Remote address not found, connecting to configured address/port: 172.172.0.1:9000. :-|
[40] W: Creating socket for '172.172.0.1:9000', poll success, but error: Operation in progress (29).
[40] E: Could not connect to client. :-(
[40] Log closed at 2020-03-21 23:14:59

[47] Log opened at 2020-03-21 23:15:00
[47] I: Checking remote connect back address.
[47] I: Checking header 'HTTP_X_FORWARDED_FOR'.
[47] I: Checking header 'REMOTE_ADDR'.
[47] W: Remote address not found, connecting to configured address/port: 172.172.0.1:9000. :-|
[47] W: Creating socket for '172.172.0.1:9000', poll success, but error: Operation in progress (29).
[47] E: Could not connect to client. :-(
[47] Log closed at 2020-03-21 23:15:00

[54] Log opened at 2020-03-21 23:15:01
[54] I: Checking remote connect back address.
[54] I: Checking header 'HTTP_X_FORWARDED_FOR'.
[54] I: Checking header 'REMOTE_ADDR'.
[54] W: Remote address not found, connecting to configured address/port: 172.172.0.1:9000. :-|
[54] W: Creating socket for '172.172.0.1:9000', poll success, but error: Operation in progress (29).
[54] E: Could not connect to client. :-(
[54] Log closed at 2020-03-21 23:15:01

[70] Log opened at 2020-03-21 23:23:52
[70] I: Checking remote connect back address.
[70] I: Checking header 'HTTP_X_FORWARDED_FOR'.
[70] I: Checking header 'REMOTE_ADDR'.
[70] W: Remote address not found, connecting to configured address/port: 172.172.0.1:9000. :-|
[70] W: Creating socket for '172.172.0.1:9000', poll success, but error: Operation in progress (29).
[70] E: Could not connect to client. :-(
[70] Log closed at 2020-03-21 23:23:52

[74] Log opened at 2020-03-21 23:23:52
[74] I: Checking remote connect back address.
[74] I: Checking header 'HTTP_X_FORWARDED_FOR'.
[74] I: Checking header 'REMOTE_ADDR'.
[74] W: Remote address not found, connecting to configured address/port: 172.172.0.1:9000. :-|
[74] W: Creating socket for '172.172.0.1:9000', poll success, but error: Operation in progress (29).
[74] E: Could not connect to client. :-(
[74] Log closed at 2020-03-21 23:23:52

[83] Log opened at 2020-03-21 23:23:56
[83] I: Checking remote connect back address.
[83] I: Checking header 'HTTP_X_FORWARDED_FOR'.
[83] I: Checking header 'REMOTE_ADDR'.
[83] W: Remote address not found, connecting to configured address/port: 172.172.0.1:9000. :-|
[83] W: Creating socket for '172.172.0.1:9000', poll success, but error: Operation in progress (29).
[83] E: Could not connect to client. :-(
[83] Log closed at 2020-03-21 23:23:56

[90] Log opened at 2020-03-21 23:23:57
[90] I: Checking remote connect back address.
[90] I: Checking header 'HTTP_X_FORWARDED_FOR'.
[90] I: Checking header 'REMOTE_ADDR'.
[90] W: Remote address not found, connecting to configured address/port: 172.172.0.1:9000. :-|
[90] W: Creating socket for '172.172.0.1:9000', poll success, but error: Operation in progress (29).
[90] E: Could not connect to client. :-(
[90] Log closed at 2020-03-21 23:23:57

[97] Log opened at 2020-03-21 23:24:02
[97] I: Checking remote connect back address.
[97] I: Checking header 'HTTP_X_FORWARDED_FOR'.
[97] I: Checking header 'REMOTE_ADDR'.
[97] W: Remote address not found, connecting to configured address/port: 172.172.0.1:9000. :-|
[97] W: Creating socket for '172.172.0.1:9000', poll success, but error: Operation in progress (29).
[97] E: Could not connect to client. :-(
[97] Log closed at 2020-03-21 23:24:02

[105] Log opened at 2020-03-21 23:26:26
[105] I: Checking remote connect back address.
[105] I: Checking header 'HTTP_X_FORWARDED_FOR'.
[105] I: Checking header 'REMOTE_ADDR'.
[105] W: Remote address not found, connecting to configured address/port: 172.172.0.1:9000. :-|
[105] W: Creating socket for '172.172.0.1:9000', poll success, but error: Operation in progress (29).
[105] E: Could not connect to client. :-(
[105] Log closed at 2020-03-21 23:26:26

[109] Log opened at 2020-03-21 23:26:38
[109] I: Checking remote connect back address.
[109] I: Checking header 'HTTP_X_FORWARDED_FOR'.
[109] I: Checking header 'REMOTE_ADDR'.
[109] W: Remote address not found, connecting to configured address/port: 172.172.0.1:9000. :-|
[109] W: Creating socket for '172.172.0.1:9000', poll success, but error: Operation in progress (29).
[109] E: Could not connect to client. :-(
[109] Log closed at 2020-03-21 23:26:38

[113] Log opened at 2020-03-21 23:27:04
[113] I: Checking remote connect back address.
[113] I: Checking header 'HTTP_X_FORWARDED_FOR'.
[113] I: Checking header 'REMOTE_ADDR'.
[113] W: Remote address not found, connecting to configured address/port: 172.172.0.1:9000. :-|
[113] W: Creating socket for '172.172.0.1:9000', poll success, but error: Operation in progress (29).
[113] E: Could not connect to client. :-(
[113] Log closed at 2020-03-21 23:27:04

[117] Log opened at 2020-03-21 23:42:20
[117] I: Checking remote connect back address.
[117] I: Checking header 'HTTP_X_FORWARDED_FOR'.
[117] I: Checking header 'REMOTE_ADDR'.
[117] W: Remote address not found, connecting to configured address/port: 172.172.0.1:9000. :-|
[117] W: Creating socket for '172.172.0.1:9000', poll success, but error: Operation in progress (29).
[117] E: Could not connect to client. :-(
[117] Log closed at 2020-03-21 23:42:20

[122] Log opened at 2020-03-21 23:45:21
[122] I: Checking remote connect back address.
[122] I: Checking header 'HTTP_X_FORWARDED_FOR'.
[122] I: Checking header 'REMOTE_ADDR'.
[122] W: Remote address not found, connecting to configured address/port: 172.172.0.1:9000. :-|
[122] W: Creating socket for '172.172.0.1:9000', poll success, but error: Operation in progress (29).
[122] E: Could not connect to client. :-(
[122] Log closed at 2020-03-21 23:45:21

[126] Log opened at 2020-03-21 23:45:32
[126] I: Checking remote connect back address.
[126] I: Checking header 'HTTP_X_FORWARDED_FOR'.
[126] I: Checking header 'REMOTE_ADDR'.
[126] W: Remote address not found, connecting to configured address/port: 172.172.0.1:9000. :-|
[126] W: Creating socket for '172.172.0.1:9000', poll success, but error: Operation in progress (29).
[126] E: Could not connect to client. :-(
[126] Log closed at 2020-03-21 23:45:32

[130] Log opened at 2020-03-21 23:45:40
[130] I: Checking remote connect back address.
[130] I: Checking header 'HTTP_X_FORWARDED_FOR'.
[130] I: Checking header 'REMOTE_ADDR'.
[130] W: Remote address not found, connecting to configured address/port: 172.172.0.1:9000. :-|
[130] W: Creating socket for '172.172.0.1:9000', poll success, but error: Operation in progress (29).
[130] E: Could not connect to client. :-(
[130] Log closed at 2020-03-21 23:45:40

[134] Log opened at 2020-03-21 23:46:02
[134] I: Checking remote connect back address.
[134] I: Checking header 'HTTP_X_FORWARDED_FOR'.
[134] I: Checking header 'REMOTE_ADDR'.
[134] W: Remote address not found, connecting to configured address/port: 172.172.0.1:9000. :-|
[134] W: Creating socket for '172.172.0.1:9000', poll success, but error: Operation in progress (29).
[134] E: Could not connect to client. :-(
[134] Log closed at 2020-03-21 23:46:02

